update-alternatives 2020-08-04 23:26:33: run with --quiet --install /usr/bin/pinentry pinentry /usr/bin/pinentry-curses 50 --slave /usr/share/man/man1/pinentry.1.gz pinentry.1.gz /usr/share/man/man1/pinentry-curses.1.gz
update-alternatives 2020-08-04 23:26:33: link group pinentry updated to point to /usr/bin/pinentry-curses
update-alternatives 2020-08-04 23:26:49: run with --install /usr/bin/w w /usr/bin/w.procps 50 --slave /usr/share/man/man1/w.1.gz w.1.gz /usr/share/man/man1/w.procps.1.gz
update-alternatives 2020-08-04 23:26:49: link group w updated to point to /usr/bin/w.procps
update-alternatives 2020-08-04 23:26:52: run with --quiet --install /usr/bin/rsh rsh /usr/bin/ssh 20 --slave /usr/share/man/man1/rsh.1.gz rsh.1.gz /usr/share/man/man1/ssh.1.gz
update-alternatives 2020-08-04 23:26:52: link group rsh updated to point to /usr/bin/ssh
update-alternatives 2020-08-04 23:26:52: run with --quiet --install /usr/bin/rlogin rlogin /usr/bin/slogin 20 --slave /usr/share/man/man1/rlogin.1.gz rlogin.1.gz /usr/share/man/man1/slogin.1.gz
update-alternatives 2020-08-04 23:26:52: link group rlogin updated to point to /usr/bin/slogin
update-alternatives 2020-08-04 23:26:52: run with --quiet --install /usr/bin/rcp rcp /usr/bin/scp 20 --slave /usr/share/man/man1/rcp.1.gz rcp.1.gz /usr/share/man/man1/scp.1.gz
update-alternatives 2020-08-04 23:26:52: link group rcp updated to point to /usr/bin/scp
update-alternatives 2020-08-05 10:31:08: run with --quiet --install /lib/cpp cpp /usr/bin/cpp 10
update-alternatives 2020-08-05 10:31:08: link group cpp updated to point to /usr/bin/cpp
update-alternatives 2020-08-05 10:31:08: run with --quiet --install /usr/bin/cc cc /usr/bin/gcc 20
update-alternatives 2020-08-05 10:31:08: link group cc updated to point to /usr/bin/gcc
update-alternatives 2020-08-05 10:31:08: run with --quiet --install /usr/bin/c89 c89 /usr/bin/c89-gcc 20 --slave /usr/share/man/man1/c89.1.gz c89.1.gz /usr/share/man/man1/c89-gcc.1.gz
update-alternatives 2020-08-05 10:31:08: link group c89 updated to point to /usr/bin/c89-gcc
update-alternatives 2020-08-05 10:31:08: run with --quiet --install /usr/bin/c99 c99 /usr/bin/c99-gcc 20 --slave /usr/share/man/man1/c99.1.gz c99.1.gz /usr/share/man/man1/c99-gcc.1.gz
update-alternatives 2020-08-05 10:31:08: link group c99 updated to point to /usr/bin/c99-gcc
update-alternatives 2020-08-05 10:31:08: run with --install /usr/bin/c++ c++ /usr/bin/g++ 20
update-alternatives 2020-08-05 10:31:08: link group c++ updated to point to /usr/bin/g++
